<?xml version="1.0" encoding="UTF-8"?>
<!-- Generated by org.testng.reporters.JUnitReportReporter -->
<testsuite skipped="0" hostname="GOKI" name="com.knila.test.Test" tests="1" failures="0" timestamp="05 Mar 2023 12:19:03 GMT" time="69.954" errors="0">
  <testcase name="purchaseTest" time="69.954" classname="com.knila.test.Test"/>
</testsuite> <!-- com.knila.test.Test -->
